<?xml version="1.0" encoding="UTF-8"?>
<!-- Generated by org.testng.reporters.JUnitReportReporter -->
<testsuite hostname="LAPTOP-CV46QDVC" failures="0" tests="2" name="selenium.testcases.LoginTest" time="16.546" errors="0" timestamp="2023-12-18T12:57:53 IST" skipped="0">
  <testcase classname="selenium.testcases.LoginTest" name="loginTestWithVlaidCredentials" time="7.085"/>
  <testcase classname="selenium.testcases.LoginTest" name="loginTestWithInvalidCredentials" time="9.461"/>
</testsuite> <!-- selenium.testcases.LoginTest -->
