<?xml version="1.0" encoding="UTF-8"?>
<!-- Generated by org.testng.reporters.JUnitReportReporter -->
<testsuite hostname="LAPTOP-CV46QDVC" failures="0" tests="2" name="selenium.testcases.SearchTest" time="8.472" errors="0" timestamp="2023-12-18T12:57:53 IST" skipped="0">
  <testcase classname="selenium.testcases.SearchTest" name="searchValidProduct" time="3.864"/>
  <testcase classname="selenium.testcases.SearchTest" name="searchInvalidProduct" time="4.608"/>
</testsuite> <!-- selenium.testcases.SearchTest -->
